Running: E:\ISE\14.7\ISE_DS\ISE\bin\nt64\unwrapped\fuse.exe -intstyle ise -incremental -lib unisims_ver -lib unimacro_ver -lib xilinxcorelib_ver -lib secureip -o C:/Users/fatdoge/Desktop/ise/item5/test_isim_beh.exe -prj C:/Users/fatdoge/Desktop/ise/item5/test_beh.prj work.test work.glbl 
ISim P.20131013 (signature 0x7708f090)
Number of CPUs detected in this system: 4
Turning on mult-threading, number of parallel sub-compilation jobs: 8 
Determining compilation order of HDL files
Analyzing Verilog file "C:/Users/fatdoge/Desktop/ise/item5/ipcore_dir/RAM.v" into library work
Analyzing Verilog file "C:/Users/fatdoge/Desktop/ise/item5/Ex5.v" into library work
Analyzing Verilog file "C:/Users/fatdoge/Desktop/ise/item5/test.v" into library work
Analyzing Verilog file "E:/ISE/14.7/ISE_DS/ISE//verilog/src/glbl.v" into library work
Starting static elaboration
Completed static elaboration
Compiling module BLK_MEM_GEN_V7_3_output_stage(C_...
Compiling module BLK_MEM_GEN_V7_3_softecc_output_...
Compiling module BLK_MEM_GEN_V7_3_mem_module(C_CO...
Compiling module BLK_MEM_GEN_V7_3(C_FAMILY="spart...
Compiling module RAM
Compiling module Ex5
Compiling module test
Compiling module glbl
Time Resolution for simulation is 1ps.
Waiting for 1 sub-compilation(s) to finish...
WARNING:Simulator - Unable to copy libPortabilityNOSH.dll to the simulation executable directory: boost::filesystem::copy_file: 系统找不到指定的路径。, "isim\test_isim_beh.exe.sim\libPortability.dll".
Compiled 8 Verilog Units
Built simulation executable C:/Users/fatdoge/Desktop/ise/item5/test_isim_beh.exe
Fuse Memory Usage: 32328 KB
Fuse CPU Usage: 640 ms
