Running: E:\ISE\14.7\ISE_DS\ISE\bin\nt64\unwrapped\fuse.exe -intstyle ise -incremental -lib unisims_ver -lib unimacro_ver -lib xilinxcorelib_ver -lib secureip -o C:/Users/fatdoge/Desktop/ise/item4/item4_isim_beh.exe -prj C:/Users/fatdoge/Desktop/ise/item4/item4_beh.prj work.item4 work.glbl 
ISim P.20131013 (signature 0x7708f090)
Number of CPUs detected in this system: 4
Turning on mult-threading, number of parallel sub-compilation jobs: 8 
Determining compilation order of HDL files
Analyzing Verilog file "C:/Users/fatdoge/Desktop/ise/item4/Registerfile.v" into library work
Analyzing Verilog file "C:/Users/fatdoge/Desktop/ise/item4/JZ_4.v" into library work
Analyzing Verilog file "C:/Users/fatdoge/Desktop/ise/item4/item4.v" into library work
Analyzing Verilog file "E:/ISE/14.7/ISE_DS/ISE//verilog/src/glbl.v" into library work
Starting static elaboration
Completed static elaboration
Compiling module Registerfile
Compiling module JZ_4
Compiling module item4
Compiling module glbl
Time Resolution for simulation is 1ps.
Waiting for 1 sub-compilation(s) to finish...
WARNING:Simulator - Unable to copy libPortabilityNOSH.dll to the simulation executable directory: boost::filesystem::copy_file: 系统找不到指定的路径。, "isim\item4_isim_beh.exe.sim\libPortability.dll".
Compiled 4 Verilog Units
Built simulation executable C:/Users/fatdoge/Desktop/ise/item4/item4_isim_beh.exe
Fuse Memory Usage: 27516 KB
Fuse CPU Usage: 639 ms
