Running: E:\Xilinx\14.7\ISE_DS\ISE\bin\nt64\unwrapped\fuse.exe -intstyle ise -incremental -lib unisims_ver -lib unimacro_ver -lib xilinxcorelib_ver -lib secureip -o E:/ISEP2/Ex7/Test_isim_beh.exe -prj E:/ISEP2/Ex7/Test_beh.prj work.Test work.glbl 
ISim P.20131013 (signature 0x7708f090)
Number of CPUs detected in this system: 4
Turning on mult-threading, number of parallel sub-compilation jobs: 8 
Determining compilation order of HDL files
Analyzing Verilog file "E:/ISEP2/Ex7/ipcore_dir/IM.v" into library work
Analyzing Verilog file "E:/ISEP2/Ex7/PC.v" into library work
Analyzing Verilog file "E:/ISEP2/Ex7/Ex7.v" into library work
Analyzing Verilog file "E:/ISEP2/Ex7/Test.v" into library work
Analyzing Verilog file "E:/Xilinx/14.7/ISE_DS/ISE//verilog/src/glbl.v" into library work
Starting static elaboration
Completed static elaboration
Compiling module BLK_MEM_GEN_V7_3_output_stage(C_...
Compiling module BLK_MEM_GEN_V7_3_softecc_output_...
Compiling module BLK_MEM_GEN_V7_3_mem_module(C_CO...
Compiling module BLK_MEM_GEN_V7_3(C_FAMILY="spart...
Compiling module IM
Compiling module PC
Compiling module Ex7
Compiling module Test
Compiling module glbl
Time Resolution for simulation is 1ps.
Waiting for 2 sub-compilation(s) to finish...
Compiled 9 Verilog Units
Built simulation executable E:/ISEP2/Ex7/Test_isim_beh.exe
Fuse Memory Usage: 32484 KB
Fuse CPU Usage: 905 ms
